<?xml version="1.0" encoding="UTF-8"?>
<testng-results ignored="0" total="1" passed="1" failed="0" skipped="0">
  <reporter-output>
  </reporter-output>
  <suite started-at="2025-09-30T15:05:59 IST" name="Suite" finished-at="2025-09-30T15:06:17 IST" duration-ms="17483">
    <groups>
    </groups>
    <test started-at="2025-09-30T15:05:59 IST" name="Test" finished-at="2025-09-30T15:06:17 IST" duration-ms="17483">
      <class name="mavenforjenkins.Uitest">
        <test-method signature="startbrowser(java.lang.String)[pri:0, instance:mavenforjenkins.Uitest@2b71e916]" started-at="2025-09-30T15:05:59 IST" name="startbrowser" finished-at="2025-09-30T15:06:17 IST" duration-ms="17384" status="PASS">
          <params>
            <param index="0">
              <value>
                <![CDATA[Chrome]]>
              </value>
            </param>
          </params>
          <reporter-output>
          </reporter-output>
        </test-method> <!-- startbrowser -->
      </class> <!-- mavenforjenkins.Uitest -->
    </test> <!-- Test -->
  </suite> <!-- Suite -->
</testng-results>
